2023-10-12T09:38:15.072+05:30  INFO 20876 --- [restartedMain] com.example.demo.EldercareApplication    : Starting EldercareApplication using Java 17.0.6 with PID 20876 (C:\Users\janic\Documents\workspace-spring-tool-suite-4-4.17.2.RELEASE\eldercare\target\classes started by janic in C:\Users\janic\Documents\workspace-spring-tool-suite-4-4.17.2.RELEASE\eldercare)
2023-10-12T09:38:15.079+05:30  INFO 20876 --- [restartedMain] com.example.demo.EldercareApplication    : No active profile set, falling back to 1 default profile: "default"
2023-10-12T09:38:15.168+05:30  INFO 20876 --- [restartedMain] .e.DevToolsPropertyDefaultsPostProcessor : Devtools property defaults active! Set 'spring.devtools.add-properties' to 'false' to disable
2023-10-12T09:38:15.169+05:30  INFO 20876 --- [restartedMain] .e.DevToolsPropertyDefaultsPostProcessor : For additional web related logging consider setting the 'logging.level.web' property to 'DEBUG'
2023-10-12T09:38:16.401+05:30  INFO 20876 --- [restartedMain] .s.d.r.c.RepositoryConfigurationDelegate : Bootstrapping Spring Data JPA repositories in DEFAULT mode.
2023-10-12T09:38:16.510+05:30  INFO 20876 --- [restartedMain] .s.d.r.c.RepositoryConfigurationDelegate : Finished Spring Data repository scanning in 93 ms. Found 2 JPA repository interfaces.
2023-10-12T09:38:17.545+05:30  INFO 20876 --- [restartedMain] o.s.b.w.embedded.tomcat.TomcatWebServer  : Tomcat initialized with port(s): 8181 (http)
2023-10-12T09:38:17.561+05:30  INFO 20876 --- [restartedMain] o.apache.catalina.core.StandardService   : Starting service [Tomcat]
2023-10-12T09:38:17.562+05:30  INFO 20876 --- [restartedMain] o.apache.catalina.core.StandardEngine    : Starting Servlet engine: [Apache Tomcat/10.1.13]
2023-10-12T09:38:17.691+05:30  INFO 20876 --- [restartedMain] o.a.c.c.C.[Tomcat].[localhost].[/]       : Initializing Spring embedded WebApplicationContext
2023-10-12T09:38:17.692+05:30  INFO 20876 --- [restartedMain] w.s.c.ServletWebServerApplicationContext : Root WebApplicationContext: initialization completed in 2521 ms
2023-10-12T09:38:17.747+05:30  INFO 20876 --- [restartedMain] com.zaxxer.hikari.HikariDataSource       : HikariPool-1 - Starting...
2023-10-12T09:38:18.262+05:30  INFO 20876 --- [restartedMain] com.zaxxer.hikari.pool.HikariPool        : HikariPool-1 - Added connection com.mysql.cj.jdbc.ConnectionImpl@f456a14
2023-10-12T09:38:18.265+05:30  INFO 20876 --- [restartedMain] com.zaxxer.hikari.HikariDataSource       : HikariPool-1 - Start completed.
2023-10-12T09:38:18.279+05:30  INFO 20876 --- [restartedMain] o.s.b.a.h2.H2ConsoleAutoConfiguration    : H2 console available at '/h2-console'. Database available at 'jdbc:mysql://localhost:3306/elderly'
2023-10-12T09:38:18.447+05:30  INFO 20876 --- [restartedMain] o.hibernate.jpa.internal.util.LogHelper  : HHH000204: Processing PersistenceUnitInfo [name: default]
2023-10-12T09:38:18.562+05:30  INFO 20876 --- [restartedMain] org.hibernate.Version                    : HHH000412: Hibernate ORM core version 6.2.9.Final
2023-10-12T09:38:18.569+05:30  INFO 20876 --- [restartedMain] org.hibernate.cfg.Environment            : HHH000406: Using bytecode reflection optimizer
2023-10-12T09:38:18.815+05:30  INFO 20876 --- [restartedMain] o.h.b.i.BytecodeProviderInitiator        : HHH000021: Bytecode provider name : bytebuddy
2023-10-12T09:38:19.031+05:30  INFO 20876 --- [restartedMain] o.s.o.j.p.SpringPersistenceUnitInfo      : No LoadTimeWeaver setup: ignoring JPA class transformer
2023-10-12T09:38:19.128+05:30  WARN 20876 --- [restartedMain] org.hibernate.orm.deprecation            : HHH90000026: MySQL8Dialect has been deprecated; use org.hibernate.dialect.MySQLDialect instead
2023-10-12T09:38:19.432+05:30  INFO 20876 --- [restartedMain] o.h.b.i.BytecodeProviderInitiator        : HHH000021: Bytecode provider name : bytebuddy
2023-10-12T09:38:20.426+05:30  INFO 20876 --- [restartedMain] o.h.e.t.j.p.i.JtaPlatformInitiator       : HHH000490: Using JtaPlatform implementation: [org.hibernate.engine.transaction.jta.platform.internal.NoJtaPlatform]
2023-10-12T09:38:20.505+05:30  INFO 20876 --- [restartedMain] j.LocalContainerEntityManagerFactoryBean : Initialized JPA EntityManagerFactory for persistence unit 'default'
2023-10-12T09:38:21.408+05:30  WARN 20876 --- [restartedMain] JpaBaseConfiguration$JpaWebConfiguration : spring.jpa.open-in-view is enabled by default. Therefore, database queries may be performed during view rendering. Explicitly configure spring.jpa.open-in-view to disable this warning
2023-10-12T09:38:21.553+05:30  INFO 20876 --- [restartedMain] o.s.s.web.DefaultSecurityFilterChain     : Will secure any request with [org.springframework.security.web.session.DisableEncodeUrlFilter@14050903, org.springframework.security.web.context.request.async.WebAsyncManagerIntegrationFilter@5361f097, org.springframework.security.web.context.SecurityContextHolderFilter@24a407a8, org.springframework.security.web.header.HeaderWriterFilter@18f98dd1, org.springframework.web.filter.CorsFilter@7af10f5a, org.springframework.security.web.authentication.logout.LogoutFilter@425a54fa, com.example.demo.config.JwtAuthenticationFilter@3fe452cf, org.springframework.security.web.savedrequest.RequestCacheAwareFilter@570cfd7a, org.springframework.security.web.servletapi.SecurityContextHolderAwareRequestFilter@757ef445, org.springframework.security.web.authentication.AnonymousAuthenticationFilter@57bdae7f, org.springframework.security.web.session.SessionManagementFilter@46b453d5, org.springframework.security.web.access.ExceptionTranslationFilter@683d7253, org.springframework.security.web.access.intercept.AuthorizationFilter@4ae1a85c]
2023-10-12T09:38:22.331+05:30  INFO 20876 --- [restartedMain] o.s.b.d.a.OptionalLiveReloadServer       : LiveReload server is running on port 35729
2023-10-12T09:38:22.392+05:30  INFO 20876 --- [restartedMain] o.s.b.w.embedded.tomcat.TomcatWebServer  : Tomcat started on port(s): 8181 (http) with context path ''
2023-10-12T09:38:22.407+05:30  INFO 20876 --- [restartedMain] com.example.demo.EldercareApplication    : Started EldercareApplication in 7.864 seconds (process running for 8.884)
2023-10-12T09:38:33.977+05:30  INFO 20876 --- [http-nio-8181-exec-1] o.a.c.c.C.[Tomcat].[localhost].[/]       : Initializing Spring DispatcherServlet 'dispatcherServlet'
2023-10-12T09:38:33.977+05:30  INFO 20876 --- [http-nio-8181-exec-1] o.s.web.servlet.DispatcherServlet        : Initializing Servlet 'dispatcherServlet'
2023-10-12T09:38:33.993+05:30  INFO 20876 --- [http-nio-8181-exec-1] o.s.web.servlet.DispatcherServlet        : Completed initialization in 16 ms
2023-10-12T09:38:33.993+05:30 DEBUG 20876 --- [http-nio-8181-exec-1] o.s.security.web.FilterChainProxy        : Securing OPTIONS /api/v1/auth/login
2023-10-12T09:38:34.040+05:30 DEBUG 20876 --- [http-nio-8181-exec-2] o.s.security.web.FilterChainProxy        : Securing POST /api/v1/auth/login
2023-10-12T09:38:34.040+05:30 DEBUG 20876 --- [http-nio-8181-exec-2] o.s.s.w.a.AnonymousAuthenticationFilter  : Set SecurityContextHolder to anonymous SecurityContext
2023-10-12T09:38:34.040+05:30 DEBUG 20876 --- [http-nio-8181-exec-2] o.s.security.web.FilterChainProxy        : Secured POST /api/v1/auth/login
2023-10-12T09:38:34.544+05:30 DEBUG 20876 --- [http-nio-8181-exec-2] o.s.s.a.dao.DaoAuthenticationProvider    : Authenticated user
